Starting Dapr with id publisher. HTTP Port: 57801. gRPC Port: 57802
Checking if Dapr sidecar is listening on HTTP port 57801
time="2024-02-25T14:55:27.635291-05:00" level=info msg="Starting Dapr Runtime -- version 1.12.5 -- commit 229d158e9f2a49f7428507361353f4db012bfb6f" app_id=publisher instance=CMMHX4VX06FYL scope=dapr.runtime type=log ver=1.12.5
time="2024-02-25T14:55:27.635343-05:00" level=info msg="Log level set to: info" app_id=publisher instance=CMMHX4VX06FYL scope=dapr.runtime type=log ver=1.12.5
time="2024-02-25T14:55:27.635578-05:00" level=warning msg="mTLS is disabled. Skipping certificate request and tls validation" app_id=publisher instance=CMMHX4VX06FYL scope=dapr.runtime.security type=log ver=1.12.5
time="2024-02-25T14:55:27.636633-05:00" level=info msg="standalone mode configured" app_id=publisher instance=CMMHX4VX06FYL scope=dapr.runtime type=log ver=1.12.5
time="2024-02-25T14:55:27.636747-05:00" level=info msg="app id: publisher" app_id=publisher instance=CMMHX4VX06FYL scope=dapr.runtime type=log ver=1.12.5
time="2024-02-25T14:55:27.636765-05:00" level=info msg="metrics server started on :57803/" app_id=publisher instance=CMMHX4VX06FYL scope=dapr.runtime type=log ver=1.12.5
time="2024-02-25T14:55:27.636845-05:00" level=info msg="Dapr trace sampler initialized: DaprTraceSampler(P=1.000000)" app_id=publisher instance=CMMHX4VX06FYL scope=dapr.runtime type=log ver=1.12.5
time="2024-02-25T14:55:27.637414-05:00" level=info msg="local service entry announced: publisher -> 192.168.1.85:57804" app_id=publisher component="mdns (nameResolution/v1)" instance=CMMHX4VX06FYL scope=dapr.contrib type=log ver=1.12.5
time="2024-02-25T14:55:27.63744-05:00" level=info msg="Initialized name resolution to mdns" app_id=publisher instance=CMMHX4VX06FYL scope=dapr.runtime type=log ver=1.12.5
time="2024-02-25T14:55:27.637514-05:00" level=info msg="Loading components…" app_id=publisher instance=CMMHX4VX06FYL scope=dapr.runtime type=log ver=1.12.5
time="2024-02-25T14:55:27.638102-05:00" level=info msg="Waiting for all outstanding components to be processed…" app_id=publisher instance=CMMHX4VX06FYL scope=dapr.runtime type=log ver=1.12.5
time="2024-02-25T14:55:27.650693-05:00" level=info msg="Component loaded: orderpubsub (pubsub.redis/v1)" app_id=publisher instance=CMMHX4VX06FYL scope=dapr.runtime type=log ver=1.12.5
time="2024-02-25T14:55:27.650742-05:00" level=info msg="All outstanding components processed" app_id=publisher instance=CMMHX4VX06FYL scope=dapr.runtime type=log ver=1.12.5
time="2024-02-25T14:55:27.650754-05:00" level=info msg="Loading endpoints…" app_id=publisher instance=CMMHX4VX06FYL scope=dapr.runtime type=log ver=1.12.5
time="2024-02-25T14:55:27.650996-05:00" level=info msg="Waiting for all outstanding http endpoints to be processed…" app_id=publisher instance=CMMHX4VX06FYL scope=dapr.runtime type=log ver=1.12.5
time="2024-02-25T14:55:27.651009-05:00" level=info msg="All outstanding http endpoints processed" app_id=publisher instance=CMMHX4VX06FYL scope=dapr.runtime type=log ver=1.12.5
time="2024-02-25T14:55:27.651021-05:00" level=warning msg="App channel is not initialized. Did you configure an app-port?" app_id=publisher instance=CMMHX4VX06FYL scope=dapr.runtime.channels type=log ver=1.12.5
time="2024-02-25T14:55:27.651094-05:00" level=info msg="gRPC server listening on TCP address: :57802" app_id=publisher instance=CMMHX4VX06FYL scope=dapr.runtime.grpc.api type=log ver=1.12.5
time="2024-02-25T14:55:27.651107-05:00" level=info msg="Enabled gRPC tracing middleware" app_id=publisher instance=CMMHX4VX06FYL scope=dapr.runtime.grpc.api type=log ver=1.12.5
time="2024-02-25T14:55:27.651114-05:00" level=info msg="Enabled gRPC metrics middleware" app_id=publisher instance=CMMHX4VX06FYL scope=dapr.runtime.grpc.api type=log ver=1.12.5
time="2024-02-25T14:55:27.65116-05:00" level=info msg="Registering workflow engine for gRPC endpoint: [::]:57802" app_id=publisher instance=CMMHX4VX06FYL scope=dapr.runtime.grpc.api type=log ver=1.12.5
time="2024-02-25T14:55:27.651191-05:00" level=info msg="API gRPC server is running on port 57802" app_id=publisher instance=CMMHX4VX06FYL scope=dapr.runtime type=log ver=1.12.5
time="2024-02-25T14:55:27.651246-05:00" level=info msg="Enabled max body size HTTP middleware with size 4 MB" app_id=publisher instance=CMMHX4VX06FYL scope=dapr.runtime.http type=log ver=1.12.5
time="2024-02-25T14:55:27.651256-05:00" level=info msg="Enabled tracing HTTP middleware" app_id=publisher instance=CMMHX4VX06FYL scope=dapr.runtime.http type=log ver=1.12.5
time="2024-02-25T14:55:27.651261-05:00" level=info msg="Enabled metrics HTTP middleware" app_id=publisher instance=CMMHX4VX06FYL scope=dapr.runtime.http type=log ver=1.12.5
time="2024-02-25T14:55:27.651447-05:00" level=info msg="HTTP server listening on TCP address: :57801" app_id=publisher instance=CMMHX4VX06FYL scope=dapr.runtime.http type=log ver=1.12.5
time="2024-02-25T14:55:27.651482-05:00" level=info msg="HTTP server is running on port 57801" app_id=publisher instance=CMMHX4VX06FYL scope=dapr.runtime type=log ver=1.12.5
time="2024-02-25T14:55:27.651489-05:00" level=info msg="The request body size parameter is: 4" app_id=publisher instance=CMMHX4VX06FYL scope=dapr.runtime type=log ver=1.12.5
time="2024-02-25T14:55:27.651511-05:00" level=info msg="gRPC server listening on TCP address: :57804" app_id=publisher instance=CMMHX4VX06FYL scope=dapr.runtime.grpc.internal type=log ver=1.12.5
time="2024-02-25T14:55:27.651522-05:00" level=info msg="Enabled gRPC tracing middleware" app_id=publisher instance=CMMHX4VX06FYL scope=dapr.runtime.grpc.internal type=log ver=1.12.5
time="2024-02-25T14:55:27.651528-05:00" level=info msg="Enabled gRPC metrics middleware" app_id=publisher instance=CMMHX4VX06FYL scope=dapr.runtime.grpc.internal type=log ver=1.12.5
time="2024-02-25T14:55:27.651546-05:00" level=info msg="Internal gRPC server is running on port 57804" app_id=publisher instance=CMMHX4VX06FYL scope=dapr.runtime type=log ver=1.12.5
time="2024-02-25T14:55:27.651598-05:00" level=info msg="actors: state store is not configured - this is okay for clients but services with hosted actors will fail to initialize!" app_id=publisher instance=CMMHX4VX06FYL scope=dapr.runtime type=log ver=1.12.5
time="2024-02-25T14:55:27.651635-05:00" level=info msg="Actor runtime started. Actor idle timeout: 1h0m0s. Actor scan interval: 30s" app_id=publisher instance=CMMHX4VX06FYL scope=dapr.runtime.actor type=log ver=1.12.5
time="2024-02-25T14:55:27.651643-05:00" level=info msg="Configuring workflow engine with actors backend" app_id=publisher instance=CMMHX4VX06FYL scope=dapr.runtime.wfengine type=log ver=1.12.5
time="2024-02-25T14:55:27.65165-05:00" level=info msg="Registering component for dapr workflow engine..." app_id=publisher instance=CMMHX4VX06FYL scope=dapr.runtime type=log ver=1.12.5
time="2024-02-25T14:55:27.651662-05:00" level=info msg="Initializing Dapr workflow component" app_id=publisher component="dapr (workflow.dapr/v1)" instance=CMMHX4VX06FYL scope=dapr.contrib type=log ver=1.12.5
time="2024-02-25T14:55:27.651673-05:00" level=warning msg="app channel not initialized, make sure -app-port is specified if pubsub subscription is required" app_id=publisher instance=CMMHX4VX06FYL scope=dapr.runtime.processor.pubsub type=log ver=1.12.5
time="2024-02-25T14:55:27.651682-05:00" level=warning msg="failed to read from bindings: app channel not initialized " app_id=publisher instance=CMMHX4VX06FYL scope=dapr.runtime type=log ver=1.12.5
time="2024-02-25T14:55:27.65169-05:00" level=info msg="dapr initialized. Status: Running. Init Elapsed 15ms" app_id=publisher instance=CMMHX4VX06FYL scope=dapr.runtime type=log ver=1.12.5
time="2024-02-25T14:55:27.76621-05:00" level=info msg="Placement tables updated, version: 0" app_id=publisher instance=CMMHX4VX06FYL scope=dapr.runtime.actors.placement type=log ver=1.12.5
Checking if Dapr sidecar is listening on GRPC port 57802
Dapr sidecar is up and running.
Updating metadata for cliPID: 38718
Updating metadata for app command: python3 app.py
Updating metadata for appPID: 38766
You're up and running! Dapr logs will appear here.

time="2024-02-25T15:14:55.626081-05:00" level=info msg="Received signal 'interrupt'; beginning shutdown" app_id=publisher instance=CMMHX4VX06FYL scope=dapr.signals type=log ver=1.12.5

termination signal received: shutting down
time="2024-02-25T15:14:55.626589-05:00" level=info msg="Dapr is shutting down" app_id=publisher instance=CMMHX4VX06FYL scope=dapr.runtime type=log ver=1.12.5
Exited Dapr successfully
time="2024-02-25T15:14:55.626685-05:00" level=info msg="Shutting down component dapr (workflow.dapr/v1)" app_id=publisher instance=CMMHX4VX06FYL scope=dapr.runtime type=log ver=1.12.5
time="2024-02-25T15:14:55.626724-05:00" level=info msg="Shutting down workflow engine" app_id=publisher instance=CMMHX4VX06FYL scope=dapr.runtime type=log ver=1.12.5
time="2024-02-25T15:14:55.626759-05:00" level=info msg="Shutting down actor" app_id=publisher instance=CMMHX4VX06FYL scope=dapr.runtime type=log ver=1.12.5
time="2024-02-25T15:14:55.626918-05:00" level=info msg="stopping mDNS server for app id: publisher" app_id=publisher component="mdns (nameResolution/v1)" instance=CMMHX4VX06FYL scope=dapr.contrib type=log ver=1.12.5
time="2024-02-25T15:14:55.626961-05:00" level=info msg="Closing HTTP server [::]:57801…" app_id=publisher instance=CMMHX4VX06FYL scope=dapr.runtime.http type=log ver=1.12.5
time="2024-02-25T15:14:55.627052-05:00" level=info msg="Shutting down component orderpubsub (pubsub.redis/v1)" app_id=publisher instance=CMMHX4VX06FYL scope=dapr.runtime type=log ver=1.12.5
time="2024-02-25T15:14:55.627119-05:00" level=info msg="Dapr runtime stopped" app_id=publisher instance=CMMHX4VX06FYL scope=dapr.runtime type=log ver=1.12.5
Exited App successfully
