Starting Dapr with id publisher. HTTP Port: 53045. gRPC Port: 53046
Checking if Dapr sidecar is listening on HTTP port 53045
time="2024-02-24T22:29:49.506728-05:00" level=info msg="Starting Dapr Runtime -- version 1.12.5 -- commit 229d158e9f2a49f7428507361353f4db012bfb6f" app_id=publisher instance=CMMHX4VX06FYL scope=dapr.runtime type=log ver=1.12.5
time="2024-02-24T22:29:49.506776-05:00" level=info msg="Log level set to: info" app_id=publisher instance=CMMHX4VX06FYL scope=dapr.runtime type=log ver=1.12.5
time="2024-02-24T22:29:49.506963-05:00" level=warning msg="mTLS is disabled. Skipping certificate request and tls validation" app_id=publisher instance=CMMHX4VX06FYL scope=dapr.runtime.security type=log ver=1.12.5
time="2024-02-24T22:29:49.508003-05:00" level=info msg="standalone mode configured" app_id=publisher instance=CMMHX4VX06FYL scope=dapr.runtime type=log ver=1.12.5
time="2024-02-24T22:29:49.508041-05:00" level=info msg="app id: publisher" app_id=publisher instance=CMMHX4VX06FYL scope=dapr.runtime type=log ver=1.12.5
time="2024-02-24T22:29:49.508018-05:00" level=info msg="metrics server started on :53047/" app_id=publisher instance=CMMHX4VX06FYL scope=dapr.runtime type=log ver=1.12.5
time="2024-02-24T22:29:49.508436-05:00" level=info msg="Dapr trace sampler initialized: DaprTraceSampler(P=1.000000)" app_id=publisher instance=CMMHX4VX06FYL scope=dapr.runtime type=log ver=1.12.5
time="2024-02-24T22:29:49.508816-05:00" level=info msg="local service entry announced: publisher -> 192.168.1.85:53048" app_id=publisher component="mdns (nameResolution/v1)" instance=CMMHX4VX06FYL scope=dapr.contrib type=log ver=1.12.5
time="2024-02-24T22:29:49.508838-05:00" level=info msg="Initialized name resolution to mdns" app_id=publisher instance=CMMHX4VX06FYL scope=dapr.runtime type=log ver=1.12.5
time="2024-02-24T22:29:49.508904-05:00" level=info msg="Loading components…" app_id=publisher instance=CMMHX4VX06FYL scope=dapr.runtime type=log ver=1.12.5
time="2024-02-24T22:29:49.509496-05:00" level=info msg="Waiting for all outstanding components to be processed…" app_id=publisher instance=CMMHX4VX06FYL scope=dapr.runtime type=log ver=1.12.5
time="2024-02-24T22:29:49.509556-05:00" level=warning msg="[DEPRECATION NOTICE] The 'host' argument is deprecated. Use 'connectionString' or individual connection arguments instead: https://docs.dapr.io/reference/components-reference/supported-pubsub/setup-rabbitmq/" app_id=publisher component="orderpubsub (pubsub.rabbitmq/v1)" instance=CMMHX4VX06FYL scope=dapr.contrib type=log ver=1.12.5
time="2024-02-24T22:29:49.509661-05:00" level=info msg="rabbitmq pub/sub: connectionCount: current=0 reference=0" app_id=publisher component="orderpubsub (pubsub.rabbitmq/v1)" instance=CMMHX4VX06FYL scope=dapr.contrib type=log ver=1.12.5
time="2024-02-24T22:29:49.520069-05:00" level=info msg="rabbitmq pub/sub: connected with connectionCount=1" app_id=publisher component="orderpubsub (pubsub.rabbitmq/v1)" instance=CMMHX4VX06FYL scope=dapr.contrib type=log ver=1.12.5
time="2024-02-24T22:29:49.520133-05:00" level=info msg="Component loaded: orderpubsub (pubsub.rabbitmq/v1)" app_id=publisher instance=CMMHX4VX06FYL scope=dapr.runtime type=log ver=1.12.5
time="2024-02-24T22:29:49.520153-05:00" level=info msg="All outstanding components processed" app_id=publisher instance=CMMHX4VX06FYL scope=dapr.runtime type=log ver=1.12.5
time="2024-02-24T22:29:49.520162-05:00" level=info msg="Loading endpoints…" app_id=publisher instance=CMMHX4VX06FYL scope=dapr.runtime type=log ver=1.12.5
time="2024-02-24T22:29:49.520394-05:00" level=info msg="Waiting for all outstanding http endpoints to be processed…" app_id=publisher instance=CMMHX4VX06FYL scope=dapr.runtime type=log ver=1.12.5
time="2024-02-24T22:29:49.520407-05:00" level=info msg="All outstanding http endpoints processed" app_id=publisher instance=CMMHX4VX06FYL scope=dapr.runtime type=log ver=1.12.5
time="2024-02-24T22:29:49.52042-05:00" level=warning msg="App channel is not initialized. Did you configure an app-port?" app_id=publisher instance=CMMHX4VX06FYL scope=dapr.runtime.channels type=log ver=1.12.5
time="2024-02-24T22:29:49.520516-05:00" level=info msg="gRPC server listening on TCP address: :53046" app_id=publisher instance=CMMHX4VX06FYL scope=dapr.runtime.grpc.api type=log ver=1.12.5
time="2024-02-24T22:29:49.520529-05:00" level=info msg="Enabled gRPC tracing middleware" app_id=publisher instance=CMMHX4VX06FYL scope=dapr.runtime.grpc.api type=log ver=1.12.5
time="2024-02-24T22:29:49.520535-05:00" level=info msg="Enabled gRPC metrics middleware" app_id=publisher instance=CMMHX4VX06FYL scope=dapr.runtime.grpc.api type=log ver=1.12.5
time="2024-02-24T22:29:49.52058-05:00" level=info msg="Registering workflow engine for gRPC endpoint: [::]:53046" app_id=publisher instance=CMMHX4VX06FYL scope=dapr.runtime.grpc.api type=log ver=1.12.5
time="2024-02-24T22:29:49.520603-05:00" level=info msg="API gRPC server is running on port 53046" app_id=publisher instance=CMMHX4VX06FYL scope=dapr.runtime type=log ver=1.12.5
time="2024-02-24T22:29:49.520648-05:00" level=info msg="Enabled max body size HTTP middleware with size 4 MB" app_id=publisher instance=CMMHX4VX06FYL scope=dapr.runtime.http type=log ver=1.12.5
time="2024-02-24T22:29:49.520659-05:00" level=info msg="Enabled tracing HTTP middleware" app_id=publisher instance=CMMHX4VX06FYL scope=dapr.runtime.http type=log ver=1.12.5
time="2024-02-24T22:29:49.520671-05:00" level=info msg="Enabled metrics HTTP middleware" app_id=publisher instance=CMMHX4VX06FYL scope=dapr.runtime.http type=log ver=1.12.5
time="2024-02-24T22:29:49.520866-05:00" level=info msg="HTTP server listening on TCP address: :53045" app_id=publisher instance=CMMHX4VX06FYL scope=dapr.runtime.http type=log ver=1.12.5
time="2024-02-24T22:29:49.520889-05:00" level=info msg="HTTP server is running on port 53045" app_id=publisher instance=CMMHX4VX06FYL scope=dapr.runtime type=log ver=1.12.5
time="2024-02-24T22:29:49.520896-05:00" level=info msg="The request body size parameter is: 4" app_id=publisher instance=CMMHX4VX06FYL scope=dapr.runtime type=log ver=1.12.5
time="2024-02-24T22:29:49.520923-05:00" level=info msg="gRPC server listening on TCP address: :53048" app_id=publisher instance=CMMHX4VX06FYL scope=dapr.runtime.grpc.internal type=log ver=1.12.5
time="2024-02-24T22:29:49.520932-05:00" level=info msg="Enabled gRPC tracing middleware" app_id=publisher instance=CMMHX4VX06FYL scope=dapr.runtime.grpc.internal type=log ver=1.12.5
time="2024-02-24T22:29:49.520938-05:00" level=info msg="Enabled gRPC metrics middleware" app_id=publisher instance=CMMHX4VX06FYL scope=dapr.runtime.grpc.internal type=log ver=1.12.5
time="2024-02-24T22:29:49.520954-05:00" level=info msg="Internal gRPC server is running on port 53048" app_id=publisher instance=CMMHX4VX06FYL scope=dapr.runtime type=log ver=1.12.5
time="2024-02-24T22:29:49.521018-05:00" level=info msg="actors: state store is not configured - this is okay for clients but services with hosted actors will fail to initialize!" app_id=publisher instance=CMMHX4VX06FYL scope=dapr.runtime type=log ver=1.12.5
time="2024-02-24T22:29:49.521052-05:00" level=info msg="Actor runtime started. Actor idle timeout: 1h0m0s. Actor scan interval: 30s" app_id=publisher instance=CMMHX4VX06FYL scope=dapr.runtime.actor type=log ver=1.12.5
time="2024-02-24T22:29:49.521064-05:00" level=info msg="Configuring workflow engine with actors backend" app_id=publisher instance=CMMHX4VX06FYL scope=dapr.runtime.wfengine type=log ver=1.12.5
time="2024-02-24T22:29:49.521073-05:00" level=info msg="Registering component for dapr workflow engine..." app_id=publisher instance=CMMHX4VX06FYL scope=dapr.runtime type=log ver=1.12.5
time="2024-02-24T22:29:49.521088-05:00" level=info msg="Initializing Dapr workflow component" app_id=publisher component="dapr (workflow.dapr/v1)" instance=CMMHX4VX06FYL scope=dapr.contrib type=log ver=1.12.5
time="2024-02-24T22:29:49.521098-05:00" level=warning msg="app channel not initialized, make sure -app-port is specified if pubsub subscription is required" app_id=publisher instance=CMMHX4VX06FYL scope=dapr.runtime.processor.pubsub type=log ver=1.12.5
time="2024-02-24T22:29:49.521108-05:00" level=warning msg="failed to read from bindings: app channel not initialized " app_id=publisher instance=CMMHX4VX06FYL scope=dapr.runtime type=log ver=1.12.5
time="2024-02-24T22:29:49.521124-05:00" level=info msg="dapr initialized. Status: Running. Init Elapsed 13ms" app_id=publisher instance=CMMHX4VX06FYL scope=dapr.runtime type=log ver=1.12.5
time="2024-02-24T22:29:49.624102-05:00" level=info msg="Placement tables updated, version: 0" app_id=publisher instance=CMMHX4VX06FYL scope=dapr.runtime.actors.placement type=log ver=1.12.5
Checking if Dapr sidecar is listening on GRPC port 53046
Dapr sidecar is up and running.
Updating metadata for cliPID: 78499
Updating metadata for app command: python3 app.py
Updating metadata for appPID: 78521
You're up and running! Dapr logs will appear here.

time="2024-02-24T22:29:58.937708-05:00" level=info msg="Received signal 'interrupt'; beginning shutdown" app_id=publisher instance=CMMHX4VX06FYL scope=dapr.signals type=log ver=1.12.5

termination signal received: shutting down
time="2024-02-24T22:29:58.938152-05:00" level=info msg="Dapr is shutting down" app_id=publisher instance=CMMHX4VX06FYL scope=dapr.runtime type=log ver=1.12.5
time="2024-02-24T22:29:58.938277-05:00" level=info msg="Shutting down component dapr (workflow.dapr/v1)" app_id=publisher instance=CMMHX4VX06FYL scope=dapr.runtime type=log ver=1.12.5
time="2024-02-24T22:29:58.938532-05:00" level=info msg="Closing HTTP server [::]:53045…" app_id=publisher instance=CMMHX4VX06FYL scope=dapr.runtime.http type=log ver=1.12.5
Exited Dapr successfully
Exited App successfully
